DEBUG:root:This message should go to the log file
INFO:root:So should this
WARNING:root:And this, too
ERROR:root:And non-ASCII stuff, too, like Øresund and Malmö
02/26/2024 02:22:31 PM Starting
02/26/2024 02:22:36 PM Ending
02/26/2024 02:23:00 PM Starting
02/26/2024 02:23:05 PM Ending
02/26/2024 02:33:28 PM Starting
02/26/2024 02:33:38 PM Ending
02/26/2024 02:35:16 PM Starting
02/26/2024 02:35:26 PM Ending
02/26/2024 02:40:30 PM Starting
02/26/2024 02:40:35 PM first cycle took: 00:00:05
02/26/2024 02:40:40 PM second cycle took: 00:00:05
02/26/2024 02:40:40 PM Ending
02/26/2024 02:40:40 PM Total Time: 00:00:10
02/26/2024 02:43:49 PM Starting
02/26/2024 02:43:54 PM first cycle took: 00:00:05
02/26/2024 02:43:54 PM first cycle took: 00:00:05
02/26/2024 02:43:59 PM second cycle took: 00:00:05
02/26/2024 02:43:59 PM Ending
02/26/2024 02:43:59 PM Total Time: 00:00:10
02/26/2024 02:46:23 PM Starting
02/26/2024 02:46:28 PM first cycle took: 00:00:05
02/26/2024 02:46:33 PM second cycle took: 00:00:05
02/26/2024 02:46:33 PM Ending
02/26/2024 02:46:33 PM Total Time: 00:00:10
202402/26/ 02:47:49 PM Starting
202402/26/ 02:47:54 PM first cycle took: 00:00:05
202402/26/ 02:47:59 PM second cycle took: 00:00:05
202402/26/ 02:47:59 PM Ending
202402/26/ 02:47:59 PM Total Time: 00:00:10
2024-02-26 02:48:27 PM Starting
2024-02-26 02:48:32 PM first cycle took: 00:00:05
2024-02-26 02:48:37 PM second cycle took: 00:00:05
2024-02-26 02:48:37 PM Ending
2024-02-26 02:48:37 PM Total Time: 00:00:10
